<?xml version="1.0" encoding="UTF-8"?>
<testsuite name="Contar Caracteres" tests="1" skipped="0" failures="0" errors="0" timestamp="2021-09-17T00:43:15" hostname="juanpablo-Nitro-AN515-53" time="0.467">
  <properties/>
  <testcase name="Contar caracteres de un palabra" classname="Contar Caracteres" time="0.467"/>
  <system-out><![CDATA[]]></system-out>
  <system-err><![CDATA[[Test worker] INFO net.thucydides.core.steps.ConsoleLoggingListener - 
        __    _____ _____ ____ _____   ____   _    ____  ____  _____ ____  
  _     \ \  |_   _| ____/ ___|_   _| |  _ \ / \  / ___|/ ___|| ____|  _ \ 
 (_)_____| |   | | |  _| \___ \ | |   | |_) / _ \ \___ \\___ \|  _| | | | |
  _|_____| |   | | | |___ ___) || |   |  __/ ___ \ ___) |___) | |___| |_| |
 (_)     | |   |_| |_____|____/ |_|   |_| /_/   \_\____/|____/|_____|____/ 
        /_/                                                                

TEST PASSED: Contar caracteres de un palabra
----------------------------------------------------------------------------
]]></system-err>
</testsuite>
